0 info it worked if it ends with ok
1 verbose cli [ 'C:\\Program Files\\nodejs\\node.exe',
1 verbose cli   'C:\\Program Files\\nodejs\\node_modules\\npm\\bin\\npm-cli.js',
1 verbose cli   'run',
1 verbose cli   'dev' ]
2 info using npm@3.10.10
3 info using node@v6.11.2
4 verbose run-script [ 'predev', 'dev', 'postdev' ]
5 info lifecycle react-example@1.0.0~predev: react-example@1.0.0
6 silly lifecycle react-example@1.0.0~predev: no script for predev, continuing
7 info lifecycle react-example@1.0.0~dev: react-example@1.0.0
8 verbose lifecycle react-example@1.0.0~dev: unsafe-perm in lifecycle true
9 verbose lifecycle react-example@1.0.0~dev: PATH: C:\Program Files\nodejs\node_modules\npm\bin\node-gyp-bin;C:\workspace\class02\node_modules\.bin;C:\Program Files (x86)\AMD APP\bin\x86_64;C:\Program Files (x86)\AMD APP\bin\x86;C:\Windows\system32;C:\Windows;C:\Windows\System32\Wbem;C:\Windows\System32\WindowsPowerShell\v1.0\;C:\Program Files (x86)\ATI Technologies\ATI.ACE\Core-Static;C:\Program Files\nodejs\;C:\Users\Administrator\AppData\Roaming\npm
10 verbose lifecycle react-example@1.0.0~dev: CWD: C:\workspace\class02
11 silly lifecycle react-example@1.0.0~dev: Args: [ '/d /s /c',
11 silly lifecycle   'webpack-dev-server --devtool eval --progress --colors --content-base build' ]
12 silly lifecycle react-example@1.0.0~dev: Returned: code: 1  signal: null
13 info lifecycle react-example@1.0.0~dev: Failed to exec dev script
14 verbose stack Error: react-example@1.0.0 dev: `webpack-dev-server --devtool eval --progress --colors --content-base build`
14 verbose stack Exit status 1
14 verbose stack     at EventEmitter.<anonymous> (C:\Program Files\nodejs\node_modules\npm\lib\utils\lifecycle.js:255:16)
14 verbose stack     at emitTwo (events.js:106:13)
14 verbose stack     at EventEmitter.emit (events.js:191:7)
14 verbose stack     at ChildProcess.<anonymous> (C:\Program Files\nodejs\node_modules\npm\lib\utils\spawn.js:40:14)
14 verbose stack     at emitTwo (events.js:106:13)
14 verbose stack     at ChildProcess.emit (events.js:191:7)
14 verbose stack     at maybeClose (internal/child_process.js:891:16)
14 verbose stack     at Process.ChildProcess._handle.onexit (internal/child_process.js:226:5)
15 verbose pkgid react-example@1.0.0
16 verbose cwd C:\workspace\class02\app
17 error Windows_NT 6.1.7601
18 error argv "C:\\Program Files\\nodejs\\node.exe" "C:\\Program Files\\nodejs\\node_modules\\npm\\bin\\npm-cli.js" "run" "dev"
19 error node v6.11.2
20 error npm  v3.10.10
21 error code ELIFECYCLE
22 error react-example@1.0.0 dev: `webpack-dev-server --devtool eval --progress --colors --content-base build`
22 error Exit status 1
23 error Failed at the react-example@1.0.0 dev script 'webpack-dev-server --devtool eval --progress --colors --content-base build'.
23 error Make sure you have the latest version of node.js and npm installed.
23 error If you do, this is most likely a problem with the react-example package,
23 error not with npm itself.
23 error Tell the author that this fails on your system:
23 error     webpack-dev-server --devtool eval --progress --colors --content-base build
23 error You can get information on how to open an issue for this project with:
23 error     npm bugs react-example
23 error Or if that isn't available, you can get their info via:
23 error     npm owner ls react-example
23 error There is likely additional logging output above.
24 verbose exit [ 1, true ]
